<?xml version="1.0" encoding="UTF-8"?>
<testng-results ignored="0" total="1" passed="1" failed="0" skipped="0">
  <reporter-output>
  </reporter-output>
  <suite started-at="2023-12-14T15:31:32 IST" name="Default suite" finished-at="2023-12-14T15:31:46 IST" duration-ms="14572">
    <groups>
    </groups>
    <test started-at="2023-12-14T15:31:32 IST" name="Default test" finished-at="2023-12-14T15:31:46 IST" duration-ms="14572">
      <class name="com.selenium_maven.qa.testcases.LoginTest">
        <test-method is-config="true" signature="navigateToBaseUrl()[pri:0, instance:com.selenium_maven.qa.testcases.LoginTest@3d1848cc]" started-at="2023-12-14T15:31:32 IST" name="navigateToBaseUrl" finished-at="2023-12-14T15:31:39 IST" duration-ms="7192" status="PASS">
          <reporter-output>
          </reporter-output>
        </test-method> <!-- navigateToBaseUrl -->
        <test-method signature="Checklogin()[pri:0, instance:com.selenium_maven.qa.testcases.LoginTest@3d1848cc]" started-at="2023-12-14T15:31:39 IST" name="Checklogin" finished-at="2023-12-14T15:31:46 IST" duration-ms="7057" status="PASS">
          <reporter-output>
          </reporter-output>
        </test-method> <!-- Checklogin -->
        <test-method is-config="true" signature="tearDown()[pri:0, instance:com.selenium_maven.qa.testcases.LoginTest@3d1848cc]" started-at="2023-12-14T15:31:46 IST" name="tearDown" finished-at="2023-12-14T15:31:46 IST" duration-ms="155" status="PASS">
          <reporter-output>
          </reporter-output>
        </test-method> <!-- tearDown -->
      </class> <!-- com.selenium_maven.qa.testcases.LoginTest -->
    </test> <!-- Default test -->
  </suite> <!-- Default suite -->
</testng-results>
