<?xml version="1.0" encoding="UTF-8"?>
<testng-results ignored="0" total="1" passed="1" failed="0" skipped="0">
  <reporter-output>
  </reporter-output>
  <suite started-at="2024-01-15T14:30:54 IST" name="Default suite" finished-at="2024-01-15T14:31:02 IST" duration-ms="8673">
    <groups>
    </groups>
    <test started-at="2024-01-15T14:30:54 IST" name="Default test" finished-at="2024-01-15T14:31:02 IST" duration-ms="8673">
      <class name="com.selenium_maven.qa.testcases.LoginTest2">
        <test-method signature="Checklogin()[pri:0, instance:com.selenium_maven.qa.testcases.LoginTest2@4aedaf61]" started-at="2024-01-15T14:30:54 IST" name="Checklogin" finished-at="2024-01-15T14:31:02 IST" duration-ms="8196" status="PASS">
          <reporter-output>
          </reporter-output>
        </test-method> <!-- Checklogin -->
      </class> <!-- com.selenium_maven.qa.testcases.LoginTest2 -->
    </test> <!-- Default test -->
  </suite> <!-- Default suite -->
</testng-results>
